TrailheadNative/build/outputs/logs/manifest-merger-debug-report.txt
-- Merging decision tree log ---
manifest
ADDED from Native/TrailheadNative/AndroidManifest.xml:2:1-51:12
	xmlns:android
		ADDED from Native/TrailheadNative/AndroidManifest.xml:2:11-69
	package
		ADDED from Native/TrailheadNative/AndroidManifest.xml:3:5-23
	android:versionName
		ADDED from Native/TrailheadNative/AndroidManifest.xml:6:5-30
	android:versionCode
		ADDED from Native/TrailheadNative/AndroidManifest.xml:5:5-28
		INJECTED from Native/TrailheadNative/AndroidManifest.xml
		INJECTED from Native/TrailheadNative/AndroidManifest.xml
	android:installLocation
		ADDED from Native/TrailheadNative/AndroidManifest.xml:4:5-43
uses-sdk
ADDED from Native/TrailheadNative/AndroidManifest.xml:8:5-10:41
MERGED from [Native.forcedroid.libs:SalesforceSDK:unspecified] AndroidManifest.xml:7:5-9:41
MERGED from [com.android.support:appcompat-v7:23.1.1] AndroidManifest.xml:20:5-43
MERGED from [com.android.support:support-v4:23.1.1] AndroidManifest.xml:20:5-43
	android:targetSdkVersion
		ADDED from Native/TrailheadNative/AndroidManifest.xml:10:9-38
	android:minSdkVersion
		ADDED from Native/TrailheadNative/AndroidManifest.xml:9:9-35
permission#com.coke.C2D_MESSAGE
ADDED from Native/TrailheadNative/AndroidManifest.xml:17:5-19:47
	android:protectionLevel
		ADDED from Native/TrailheadNative/AndroidManifest.xml:19:9-44
	android:name
		ADDED from Native/TrailheadNative/AndroidManifest.xml:18:9-44
uses-permission#com.coke.C2D_MESSAGE
ADDED from Native/TrailheadNative/AndroidManifest.xml:21:5-60
	android:name
		ADDED from Native/TrailheadNative/AndroidManifest.xml:21:22-57
uses-permission#android.permission.READ_PHONE_STATE
ADDED from Native/TrailheadNative/AndroidManifest.xml:22:5-75
MERGED from [Native.forcedroid.libs:SalesforceSDK:unspecified] AndroidManifest.xml:23:5-75
	android:name
		ADDED from Native/TrailheadNative/AndroidManifest.xml:22:22-72
uses-permission#android.permission.WRITE_EXTERNAL_STORAGE
ADDED from Native/TrailheadNative/AndroidManifest.xml:23:5-81
	android:name
		ADDED from Native/TrailheadNative/AndroidManifest.xml:23:22-78
uses-permission#android.permission.READ_EXTERNAL_STORAGE
ADDED from Native/TrailheadNative/AndroidManifest.xml:24:5-80
	android:name
		ADDED from Native/TrailheadNative/AndroidManifest.xml:24:22-77
application
ADDED from Native/TrailheadNative/AndroidManifest.xml:27:5-49:19
MERGED from [Native.forcedroid.libs:SalesforceSDK:unspecified] AndroidManifest.xml:25:5-105:19
MERGED from [com.android.support:appcompat-v7:23.1.1] AndroidManifest.xml:22:5-20
MERGED from [com.android.support:support-v4:23.1.1] AndroidManifest.xml:22:5-20
	android:label
		ADDED from Native/TrailheadNative/AndroidManifest.xml:30:9-41
	android:icon
		ADDED from Native/TrailheadNative/AndroidManifest.xml:29:9-42
	android:manageSpaceActivity
		ADDED from Native/TrailheadNative/AndroidManifest.xml:31:9-87
	android:name
		ADDED from Native/TrailheadNative/AndroidManifest.xml:28:9-43
activity#com.coke.Main2Activity
ADDED from Native/TrailheadNative/AndroidManifest.xml:34:9-43:20
	android:label
		ADDED from Native/TrailheadNative/AndroidManifest.xml:36:13-45
	android:theme
		ADDED from Native/TrailheadNative/AndroidManifest.xml:37:13-71
	android:name
		ADDED from Native/TrailheadNative/AndroidManifest.xml:35:13-42
intent-filter#android.intent.action.MAIN+android.intent.category.LAUNCHER
ADDED from Native/TrailheadNative/AndroidManifest.xml:38:13-42:29
action#android.intent.action.MAIN
ADDED from Native/TrailheadNative/AndroidManifest.xml:39:17-69
	android:name
		ADDED from Native/TrailheadNative/AndroidManifest.xml:39:25-66
category#android.intent.category.LAUNCHER
ADDED from Native/TrailheadNative/AndroidManifest.xml:41:17-77
	android:name
		ADDED from Native/TrailheadNative/AndroidManifest.xml:41:27-74
activity#com.coke.MainActivity
ADDED from Native/TrailheadNative/AndroidManifest.xml:44:9-50
	android:name
		ADDED from Native/TrailheadNative/AndroidManifest.xml:44:19-47
activity#com.coke.UnAuthenticatedActivity
ADDED from Native/TrailheadNative/AndroidManifest.xml:45:9-47:20
	android:label
		ADDED from Native/TrailheadNative/AndroidManifest.xml:46:13-36
	android:name
		ADDED from Native/TrailheadNative/AndroidManifest.xml:45:19-58
uses-permission#android.permission.ACCESS_NETWORK_STATE
ADDED from [Native.forcedroid.libs:SalesforceSDK:unspecified] AndroidManifest.xml:11:5-79
	android:name
		ADDED from [Native.forcedroid.libs:SalesforceSDK:unspecified] AndroidManifest.xml:11:22-76
uses-permission#android.permission.AUTHENTICATE_ACCOUNTS
ADDED from [Native.forcedroid.libs:SalesforceSDK:unspecified] AndroidManifest.xml:12:5-80
	android:name
		ADDED from [Native.forcedroid.libs:SalesforceSDK:unspecified] AndroidManifest.xml:12:22-77
uses-permission#android.permission.GET_ACCOUNTS
ADDED from [Native.forcedroid.libs:SalesforceSDK:unspecified] AndroidManifest.xml:13:5-71
	android:name
		ADDED from [Native.forcedroid.libs:SalesforceSDK:unspecified] AndroidManifest.xml:13:22-68
uses-permission#android.permission.INTERNET
ADDED from [Native.forcedroid.libs:SalesforceSDK:unspecified] AndroidManifest.xml:14:5-67
	android:name
		ADDED from [Native.forcedroid.libs:SalesforceSDK:unspecified] AndroidManifest.xml:14:22-64
uses-permission#android.permission.MANAGE_ACCOUNTS
ADDED from [Native.forcedroid.libs:SalesforceSDK:unspecified] AndroidManifest.xml:15:5-74
	android:name
		ADDED from [Native.forcedroid.libs:SalesforceSDK:unspecified] AndroidManifest.xml:15:22-71
uses-permission#android.permission.USE_CREDENTIALS
ADDED from [Native.forcedroid.libs:SalesforceSDK:unspecified] AndroidManifest.xml:16:5-74
	android:name
		ADDED from [Native.forcedroid.libs:SalesforceSDK:unspecified] AndroidManifest.xml:16:22-71
uses-permission#android.permission.WAKE_LOCK
ADDED from [Native.forcedroid.libs:SalesforceSDK:unspecified] AndroidManifest.xml:17:5-68
	android:name
		ADDED from [Native.forcedroid.libs:SalesforceSDK:unspecified] AndroidManifest.xml:17:22-65
uses-permission#android.permission.GET_TASKS
ADDED from [Native.forcedroid.libs:SalesforceSDK:unspecified] AndroidManifest.xml:18:5-68
	android:name
		ADDED from [Native.forcedroid.libs:SalesforceSDK:unspecified] AndroidManifest.xml:18:22-65
uses-permission#com.google.android.c2dm.permission.RECEIVE
ADDED from [Native.forcedroid.libs:SalesforceSDK:unspecified] AndroidManifest.xml:19:5-82
	android:name
		ADDED from [Native.forcedroid.libs:SalesforceSDK:unspecified] AndroidManifest.xml:19:22-79
uses-permission-sdk-23
ADDED from [Native.forcedroid.libs:SalesforceSDK:unspecified] AndroidManifest.xml:21:5-81
	android:name
		ADDED from [Native.forcedroid.libs:SalesforceSDK:unspecified] AndroidManifest.xml:21:29-78
meta-data#android.content.APP_RESTRICTIONS
ADDED from [Native.forcedroid.libs:SalesforceSDK:unspecified] AndroidManifest.xml:28:9-30:56
	android:resource
		ADDED from [Native.forcedroid.libs:SalesforceSDK:unspecified] AndroidManifest.xml:30:13-53
	android:name
		ADDED from [Native.forcedroid.libs:SalesforceSDK:unspecified] AndroidManifest.xml:29:13-60
service#com.salesforce.androidsdk.auth.AuthenticatorService
ADDED from [Native.forcedroid.libs:SalesforceSDK:unspecified] AndroidManifest.xml:33:9-43:19
	android:exported
		ADDED from [Native.forcedroid.libs:SalesforceSDK:unspecified] AndroidManifest.xml:35:13-36
	android:name
		ADDED from [Native.forcedroid.libs:SalesforceSDK:unspecified] AndroidManifest.xml:34:13-79
intent-filter#android.accounts.AccountAuthenticator
ADDED from [Native.forcedroid.libs:SalesforceSDK:unspecified] AndroidManifest.xml:36:13-38:29
action#android.accounts.AccountAuthenticator
ADDED from [Native.forcedroid.libs:SalesforceSDK:unspecified] AndroidManifest.xml:37:17-80
	android:name
		ADDED from [Native.forcedroid.libs:SalesforceSDK:unspecified] AndroidManifest.xml:37:25-77
meta-data#android.accounts.AccountAuthenticator
ADDED from [Native.forcedroid.libs:SalesforceSDK:unspecified] AndroidManifest.xml:40:13-42:57
	android:resource
		ADDED from [Native.forcedroid.libs:SalesforceSDK:unspecified] AndroidManifest.xml:42:17-54
	android:name
		ADDED from [Native.forcedroid.libs:SalesforceSDK:unspecified] AndroidManifest.xml:41:17-69
activity#com.salesforce.androidsdk.ui.LoginActivity
ADDED from [Native.forcedroid.libs:SalesforceSDK:unspecified] AndroidManifest.xml:46:9-48:67
	android:theme
		ADDED from [Native.forcedroid.libs:SalesforceSDK:unspecified] AndroidManifest.xml:48:13-64
	android:name
		ADDED from [Native.forcedroid.libs:SalesforceSDK:unspecified] AndroidManifest.xml:47:13-70
activity#com.salesforce.androidsdk.ui.PasscodeActivity
ADDED from [Native.forcedroid.libs:SalesforceSDK:unspecified] AndroidManifest.xml:51:9-53:67
	android:theme
		ADDED from [Native.forcedroid.libs:SalesforceSDK:unspecified] AndroidManifest.xml:53:13-64
	android:name
		ADDED from [Native.forcedroid.libs:SalesforceSDK:unspecified] AndroidManifest.xml:52:13-73
activity#com.salesforce.androidsdk.ui.ManageSpaceActivity
ADDED from [Native.forcedroid.libs:SalesforceSDK:unspecified] AndroidManifest.xml:56:9-59:67
	android:theme
		ADDED from [Native.forcedroid.libs:SalesforceSDK:unspecified] AndroidManifest.xml:59:13-64
	android:excludeFromRecents
		ADDED from [Native.forcedroid.libs:SalesforceSDK:unspecified] AndroidManifest.xml:58:13-46
	android:name
		ADDED from [Native.forcedroid.libs:SalesforceSDK:unspecified] AndroidManifest.xml:57:13-76
activity#com.salesforce.androidsdk.ui.ServerPickerActivity
ADDED from [Native.forcedroid.libs:SalesforceSDK:unspecified] AndroidManifest.xml:62:9-65:67
	android:theme
		ADDED from [Native.forcedroid.libs:SalesforceSDK:unspecified] AndroidManifest.xml:65:13-64
	android:excludeFromRecents
		ADDED from [Native.forcedroid.libs:SalesforceSDK:unspecified] AndroidManifest.xml:64:13-46
	android:name
		ADDED from [Native.forcedroid.libs:SalesforceSDK:unspecified] AndroidManifest.xml:63:13-77
activity#com.salesforce.androidsdk.ui.AccountSwitcherActivity
ADDED from [Native.forcedroid.libs:SalesforceSDK:unspecified] AndroidManifest.xml:68:9-71:67
	android:theme
		ADDED from [Native.forcedroid.libs:SalesforceSDK:unspecified] AndroidManifest.xml:71:13-64
	android:excludeFromRecents
		ADDED from [Native.forcedroid.libs:SalesforceSDK:unspecified] AndroidManifest.xml:70:13-46
	android:name
		ADDED from [Native.forcedroid.libs:SalesforceSDK:unspecified] AndroidManifest.xml:69:13-80
receiver#com.salesforce.androidsdk.push.PushBroadcastReceiver
ADDED from [Native.forcedroid.libs:SalesforceSDK:unspecified] AndroidManifest.xml:77:9-91:20
	android:exported
		ADDED from [Native.forcedroid.libs:SalesforceSDK:unspecified] AndroidManifest.xml:79:13-36
	android:permission
		ADDED from [Native.forcedroid.libs:SalesforceSDK:unspecified] AndroidManifest.xml:80:13-73
	android:name
		ADDED from [Native.forcedroid.libs:SalesforceSDK:unspecified] AndroidManifest.xml:78:13-80
intent-filter#${applicationId}+com.google.android.c2dm.intent.RECEIVE
ADDED from [Native.forcedroid.libs:SalesforceSDK:unspecified] AndroidManifest.xml:81:13-85:29
action#com.google.android.c2dm.intent.RECEIVE
ADDED from [Native.forcedroid.libs:SalesforceSDK:unspecified] AndroidManifest.xml:82:17-81
	android:name
		ADDED from [Native.forcedroid.libs:SalesforceSDK:unspecified] AndroidManifest.xml:82:25-78
category#${applicationId}
ADDED from [Native.forcedroid.libs:SalesforceSDK:unspecified] AndroidManifest.xml:84:17-61
	android:name
		ADDED from [Native.forcedroid.libs:SalesforceSDK:unspecified] AndroidManifest.xml:84:27-58
intent-filter#${applicationId}+com.google.android.c2dm.intent.REGISTRATION
ADDED from [Native.forcedroid.libs:SalesforceSDK:unspecified] AndroidManifest.xml:86:13-90:29
action#com.google.android.c2dm.intent.REGISTRATION
ADDED from [Native.forcedroid.libs:SalesforceSDK:unspecified] AndroidManifest.xml:87:17-86
	android:name
		ADDED from [Native.forcedroid.libs:SalesforceSDK:unspecified] AndroidManifest.xml:87:25-83
receiver#com.salesforce.androidsdk.push.PushService$RetryRegistrationAlarmReceiver
ADDED from [Native.forcedroid.libs:SalesforceSDK:unspecified] AndroidManifest.xml:92:9-94:40
	android:exported
		ADDED from [Native.forcedroid.libs:SalesforceSDK:unspecified] AndroidManifest.xml:94:13-37
	android:name
		ADDED from [Native.forcedroid.libs:SalesforceSDK:unspecified] AndroidManifest.xml:93:13-101
receiver#com.salesforce.androidsdk.push.PushService$SFDCRegistrationRetryAlarmReceiver
ADDED from [Native.forcedroid.libs:SalesforceSDK:unspecified] AndroidManifest.xml:95:9-97:40
	android:exported
		ADDED from [Native.forcedroid.libs:SalesforceSDK:unspecified] AndroidManifest.xml:97:13-37
	android:name
		ADDED from [Native.forcedroid.libs:SalesforceSDK:unspecified] AndroidManifest.xml:96:13-105
receiver#com.salesforce.androidsdk.push.PushService$UnregisterRetryAlarmReceiver
ADDED from [Native.forcedroid.libs:SalesforceSDK:unspecified] AndroidManifest.xml:98:9-100:40
	android:exported
		ADDED from [Native.forcedroid.libs:SalesforceSDK:unspecified] AndroidManifest.xml:100:13-37
	android:name
		ADDED from [Native.forcedroid.libs:SalesforceSDK:unspecified] AndroidManifest.xml:99:13-99
service#com.salesforce.androidsdk.push.PushService
ADDED from [Native.forcedroid.libs:SalesforceSDK:unspecified] AndroidManifest.xml:102:9-104:40
	android:exported
		ADDED from [Native.forcedroid.libs:SalesforceSDK:unspecified] AndroidManifest.xml:104:13-37
	android:name
		ADDED from [Native.forcedroid.libs:SalesforceSDK:unspecified] AndroidManifest.xml:103:13-70